TN:
SF:scripts/Deploy.s.sol
DA:9,0
FN:9,Deploy.run
FNDA:0,Deploy.run
DA:10,0
DA:11,0
DA:12,0
FNF:1
FNH:0
LF:4
LH:0
BRF:0
BRH:0
end_of_record
TN:
SF:src/contracts/ACLManager.sol
DA:11,46
FN:11,ACLManager.constructor
FNDA:46,ACLManager.constructor
DA:12,46
DA:13,46
DA:14,46
DA:15,46
DA:19,2
FN:19,ACLManager.setRoleAdmin
FNDA:2,ACLManager.setRoleAdmin
DA:20,1
DA:24,29
FN:24,ACLManager.addIndexAdmin
FNDA:29,ACLManager.addIndexAdmin
DA:25,28
DA:29,2
FN:29,ACLManager.removeIndexAdmin
FNDA:2,ACLManager.removeIndexAdmin
DA:30,1
DA:34,17
FN:34,ACLManager.addIndexManager
FNDA:17,ACLManager.addIndexManager
DA:35,17
DA:39,2
FN:39,ACLManager.removeIndexManager
FNDA:2,ACLManager.removeIndexManager
DA:40,1
FNF:6
FNH:6
LF:15
LH:15
BRF:0
BRH:0
end_of_record
TN:
SF:src/contracts/IndexManager.sol
DA:32,121
FN:32,IndexManager.onlyIndexAdmin
FNDA:121,IndexManager.onlyIndexAdmin
DA:33,121
BRDA:33,0,0,-
BRDA:33,0,1,96
DA:37,12
FN:37,IndexManager.constructor
FNDA:12,IndexManager.constructor
DA:45,12
DA:46,12
DA:47,12
DA:48,12
DA:49,12
DA:50,12
DA:51,12
DA:52,12
DA:53,12
DA:54,12
DA:58,13
FN:58,IndexManager.deposit
FNDA:13,IndexManager.deposit
DA:59,13
DA:60,13
DA:63,13
DA:65,13
DA:66,62
BRDA:66,1,0,13
DA:67,13
DA:68,13
DA:70,49
DA:73,13
DA:74,13
DA:76,13
DA:80,7
FN:80,IndexManager.withdraw
FNDA:7,IndexManager.withdraw
DA:81,7
DA:82,7
DA:84,7
DA:85,7
DA:86,7
DA:87,28
DA:88,28
DA:89,28
DA:90,28
DA:92,7
DA:93,7
DA:94,7
DA:95,28
BRDA:95,2,0,6
DA:96,6
DA:97,6
DA:98,6
DA:100,22
DA:102,22
BRDA:102,3,0,-
BRDA:102,3,1,22
DA:103,22
DA:112,22
DA:113,22
DA:117,7
DA:119,7
DA:123,1
FN:123,IndexManager.withdrawFees
FNDA:1,IndexManager.withdrawFees
DA:124,1
BRDA:124,4,0,-
BRDA:124,4,1,1
DA:126,1
DA:128,1
DA:129,1
DA:130,5
DA:131,5
DA:132,5
DA:133,5
DA:136,1
DA:140,1
FN:140,IndexManager.rebalance
FNDA:1,IndexManager.rebalance
DA:141,1
DA:142,1
DA:144,1
DA:145,1
DA:154,1
DA:155,1
DA:159,1
DA:161,1
DA:165,96
FN:165,IndexManager.setTokenPath
FNDA:96,IndexManager.setTokenPath
DA:166,96
DA:167,96
DA:171,121
FN:171,IndexManager.approveToken
FNDA:121,IndexManager.approveToken
DA:172,121
DA:176,2
FN:176,IndexManager.revokeTokenApproval
FNDA:2,IndexManager.revokeTokenApproval
DA:177,1
DA:180,13
FN:180,IndexManager.calculateMintAmount
FNDA:13,IndexManager.calculateMintAmount
DA:181,13
BRDA:181,5,0,10
BRDA:181,5,1,3
DA:182,10
DA:184,3
DA:185,3
DA:189,3
FN:189,IndexManager.getCurrentIndexTokenPrice
FNDA:3,IndexManager.getCurrentIndexTokenPrice
DA:190,3
DA:191,3
DA:192,3
DA:193,15
DA:194,15
DA:195,15
DA:197,3
DA:200,3
FN:200,IndexManager.findDeficitTokens
FNDA:3,IndexManager.findDeficitTokens
DA:205,3
DA:207,3
DA:208,3
DA:211,3
DA:212,15
BRDA:212,6,0,9
DA:213,9
DA:217,3
DA:218,3
DA:220,3
DA:223,3
DA:224,3
DA:225,15
DA:226,15
DA:227,15
DA:228,15
DA:232,3
DA:233,15
BRDA:233,7,0,9
DA:234,9
DA:236,9
DA:237,9
DA:238,9
DA:239,9
DA:244,3
FN:244,IndexManager.findSurplusTokens
FNDA:3,IndexManager.findSurplusTokens
DA:254,3
DA:256,3
DA:257,3
DA:260,3
DA:261,15
BRDA:261,8,0,6
DA:262,6
DA:266,3
DA:267,3
DA:269,3
DA:272,3
DA:273,3
DA:274,15
DA:275,15
DA:276,15
DA:277,15
DA:281,3
DA:282,15
BRDA:282,9,0,6
DA:283,6
DA:285,6
DA:286,6
DA:287,6
DA:288,6
DA:293,6
FN:293,IndexManager.getCurrentProportions
FNDA:6,IndexManager.getCurrentProportions
DA:298,6
DA:299,6
DA:300,6
DA:301,6
DA:302,6
DA:305,6
DA:306,30
DA:307,30
DA:308,30
DA:309,30
DA:313,6
DA:314,30
DA:315,30
DA:319,49
FN:319,IndexManager.swapTokens
FNDA:49,IndexManager.swapTokens
DA:320,49
DA:321,49
BRDA:321,10,0,-
BRDA:321,10,1,49
DA:323,49
BRDA:323,11,0,-
BRDA:323,11,1,49
DA:324,49
DA:332,49
DA:333,49
DA:336,7
FN:336,IndexManager.calculateRequiredSwapsForSurplusTokens
FNDA:7,IndexManager.calculateRequiredSwapsForSurplusTokens
DA:337,7
DA:338,7
DA:339,7
BRDA:339,12,0,4
DA:340,4
DA:341,4
DA:342,20
DA:348,4
DA:350,3
DA:351,3
DA:354,3
DA:356,3
BRDA:356,13,0,2
BRDA:356,13,1,1
DA:357,2
DA:359,2
DA:360,2
DA:362,2
DA:363,2
DA:364,2
DA:365,2
DA:368,2
BRDA:368,14,0,1
DA:369,1
DA:372,1
DA:377,1
DA:378,1
DA:382,2
BRDA:382,15,0,2
DA:383,2
DA:384,2
DA:385,2
DA:391,2
DA:395,2
DA:396,2
DA:397,3
DA:400,2
DA:403,1
DA:404,1
DA:406,1
DA:407,2
BRDA:407,16,0,2
DA:408,2
DA:409,2
DA:410,2
DA:411,2
DA:412,2
DA:414,2
DA:416,2
DA:421,2
DA:426,1
BRDA:426,17,0,1
DA:427,1
DA:428,1
DA:429,4
DA:430,4
DA:432,4
DA:434,4
DA:441,1
DA:442,1
DA:443,1
DA:450,1
DA:452,1
DA:456,13
FN:456,IndexManager.calculateRequiredSwaps
FNDA:13,IndexManager.calculateRequiredSwaps
DA:457,13
DA:458,13
DA:460,13
BRDA:460,18,0,10
DA:461,10
DA:462,10
DA:465,10
DA:466,40
DA:467,40
DA:469,40
DA:477,10
DA:478,10
DA:479,10
DA:484,10
DA:486,3
DA:487,3
DA:490,3
DA:491,3
DA:492,3
DA:494,3
BRDA:494,19,0,1
BRDA:494,19,1,2
DA:495,1
DA:497,1
DA:498,1
DA:500,1
DA:501,2
DA:502,2
DA:503,2
DA:505,2
BRDA:505,20,0,1
DA:506,1
DA:509,1
DA:514,1
DA:515,1
DA:519,1
BRDA:519,21,0,1
DA:520,1
DA:521,1
DA:522,1
DA:527,1
DA:530,1
DA:531,1
DA:532,2
DA:535,1
DA:538,2
DA:539,2
DA:540,2
DA:541,6
DA:542,6
DA:543,6
DA:544,6
DA:549,6
DA:550,6
DA:554,2
BRDA:554,22,0,2
DA:555,2
DA:556,8
DA:557,8
DA:558,8
DA:559,8
DA:567,2
DA:568,2
DA:569,2
DA:575,2
FNF:17
FNH:17
LF:272
LH:272
BRF:31
BRH:26
end_of_record
TN:
SF:src/contracts/PriceOracle.sol
DA:23,32
FN:23,PriceOracle.constructor
FNDA:32,PriceOracle.constructor
DA:24,32
DA:28,5
FN:28,PriceOracle.onlyIndexAdmins
FNDA:5,PriceOracle.onlyIndexAdmins
DA:29,5
BRDA:29,0,0,1
BRDA:29,0,1,20
DA:34,108
FN:34,PriceOracle.getAssetPrice
FNDA:108,PriceOracle.getAssetPrice
DA:35,110
DA:37,110
BRDA:37,1,0,2
DA:38,2
DA:40,108
DA:41,108
BRDA:41,2,0,107
BRDA:41,2,1,1
DA:42,107
DA:44,1
DA:49,2
FN:49,PriceOracle.getAssetsPrices
FNDA:2,PriceOracle.getAssetsPrices
DA:50,2
DA:51,2
DA:52,2
DA:54,2
DA:58,1
FN:58,PriceOracle.getSourceOfAsset
FNDA:1,PriceOracle.getSourceOfAsset
DA:59,1
DA:63,1
FN:63,PriceOracle.getFallbackOracle
FNDA:1,PriceOracle.getFallbackOracle
DA:64,1
DA:68,21
FN:68,PriceOracle.setAssetSources
FNDA:21,PriceOracle.setAssetSources
DA:69,20
DA:73,5
FN:73,PriceOracle.setFallbackOracle
FNDA:5,PriceOracle.setFallbackOracle
DA:74,4
DA:80,20
FN:80,PriceOracle._setAssetsSources
FNDA:20,PriceOracle._setAssetsSources
DA:81,20
BRDA:81,3,0,1
DA:82,1
DA:85,19
DA:86,67
DA:87,67
DA:93,4
FN:93,PriceOracle._setFallbackOracle
FNDA:4,PriceOracle._setFallbackOracle
DA:94,4
DA:95,4
FNF:10
FNH:10
LF:34
LH:34
BRF:6
BRH:6
end_of_record
TN:
SF:src/contracts/TokenIndex.sol
DA:32,27
FN:32,TokenIndex.constructor
FNDA:27,TokenIndex.constructor
DA:33,27
DA:34,27
DA:35,27
DA:39,121
FN:39,TokenIndex.onlyIndexAdmin
FNDA:121,TokenIndex.onlyIndexAdmin
DA:40,121
BRDA:40,0,0,-
BRDA:40,0,1,2
DA:45,17
FN:45,TokenIndex.onlyIndexManager
FNDA:17,TokenIndex.onlyIndexManager
DA:46,17
BRDA:46,1,0,-
BRDA:46,1,1,8
DA:51,121
FN:51,TokenIndex.approveToken
FNDA:121,TokenIndex.approveToken
DA:52,121
DA:56,1
FN:56,TokenIndex.revokeTokenApproval
FNDA:1,TokenIndex.revokeTokenApproval
DA:57,1
DA:61,72
FN:61,TokenIndex.addToken
FNDA:72,TokenIndex.addToken
DA:62,70
BRDA:62,2,0,1
BRDA:62,2,1,69
DA:63,69
DA:67,2
FN:67,TokenIndex.removeToken
FNDA:2,TokenIndex.removeToken
DA:68,2
BRDA:68,3,0,1
BRDA:68,3,1,1
DA:69,1
DA:70,1
DA:72,1
DA:76,2
FN:76,TokenIndex.editToken
FNDA:2,TokenIndex.editToken
DA:77,2
BRDA:77,4,0,1
BRDA:77,4,1,1
DA:78,1
DA:82,25
FN:82,TokenIndex.getTokenProportions
FNDA:25,TokenIndex.getTokenProportions
DA:83,25
DA:87,2
FN:87,TokenIndex.totalTokens
FNDA:2,TokenIndex.totalTokens
DA:88,2
DA:92,3
FN:92,TokenIndex.tokens
FNDA:3,TokenIndex.tokens
DA:93,3
DA:97,17
FN:97,TokenIndex.mint
FNDA:17,TokenIndex.mint
DA:98,15
DA:102,8
FN:102,TokenIndex.burn
FNDA:8,TokenIndex.burn
DA:103,8
DA:107,15
FN:107,TokenIndex.nonces
FNDA:15,TokenIndex.nonces
DA:108,15
DA:112,9
FN:112,TokenIndex.multicall
FNDA:9,TokenIndex.multicall
DA:118,9
DA:119,9
DA:120,30
DA:121,30
BRDA:121,5,0,1
BRDA:121,5,1,29
DA:122,29
FNF:15
FNH:15
LF:41
LH:41
BRF:12
BRH:10
end_of_record
TN:
SF:src/contracts/WETHGateway.sol
DA:17,4
FN:17,WETHGateway.constructor
FNDA:4,WETHGateway.constructor
DA:18,4
DA:19,4
DA:20,4
DA:21,4
DA:27,3
FN:27,WETHGateway.depositETH
FNDA:3,WETHGateway.depositETH
DA:28,3
DA:32,1
FN:32,WETHGateway.withdrawETH
FNDA:1,WETHGateway.withdrawETH
DA:34,1
DA:37,1
DA:40,1
DA:42,1
DA:44,1
DA:47,3
FN:47,WETHGateway._depositETH
FNDA:3,WETHGateway._depositETH
DA:48,3
BRDA:48,0,0,1
DA:51,2
DA:54,2
FNF:4
FNH:4
LF:17
LH:17
BRF:1
BRH:1
end_of_record
TN:
SF:src/mocks/AggregatorV3Mock.sol
DA:9,30
FN:9,AggregatorV3Mock.constructor
FNDA:30,AggregatorV3Mock.constructor
DA:10,30
DA:13,7
FN:13,AggregatorV3Mock.latestAnswer
FNDA:7,AggregatorV3Mock.latestAnswer
DA:14,7
DA:17,1
FN:17,AggregatorV3Mock.setAnswer
FNDA:1,AggregatorV3Mock.setAnswer
DA:18,1
FNF:3
FNH:3
LF:6
LH:6
BRF:0
BRH:0
end_of_record
TN:
SF:tests/WETHGateway.t.sol
DA:13,2
FN:13,MockTokenIndex.mint
FNDA:2,MockTokenIndex.mint
DA:14,2
DA:17,1
FN:17,MockTokenIndex.burn
FNDA:1,MockTokenIndex.burn
DA:18,1
DA:25,2
FN:25,MockWETH.deposit
FNDA:2,MockWETH.deposit
DA:26,2
DA:29,1
FN:29,MockWETH.withdraw
FNDA:1,MockWETH.withdraw
DA:30,1
DA:31,1
DA:39,4
FN:39,MockIndexManager.constructor
FNDA:4,MockIndexManager.constructor
DA:40,4
DA:41,4
DA:44,2
FN:44,MockIndexManager.deposit
FNDA:2,MockIndexManager.deposit
DA:46,2
DA:48,2
DA:51,1
FN:51,MockIndexManager.withdraw
FNDA:1,MockIndexManager.withdraw
DA:53,1
DA:55,1
FNF:7
FNH:7
LF:18
LH:18
BRF:0
BRH:0
end_of_record
