TN:
SF:scripts/Deploy.s.sol
DA:9,0
FN:9,Deploy.run
FNDA:0,Deploy.run
DA:10,0
DA:11,0
DA:12,0
FNF:1
FNH:0
LF:4
LH:0
BRF:0
BRH:0
end_of_record
TN:
SF:src/contracts/ACLManager.sol
DA:11,43
FN:11,ACLManager.constructor
FNDA:43,ACLManager.constructor
DA:12,43
DA:13,43
DA:14,43
DA:15,43
DA:19,2
FN:19,ACLManager.setRoleAdmin
FNDA:2,ACLManager.setRoleAdmin
DA:20,1
DA:24,29
FN:24,ACLManager.addIndexAdmin
FNDA:29,ACLManager.addIndexAdmin
DA:25,28
DA:29,2
FN:29,ACLManager.removeIndexAdmin
FNDA:2,ACLManager.removeIndexAdmin
DA:30,1
DA:34,17
FN:34,ACLManager.addIndexManager
FNDA:17,ACLManager.addIndexManager
DA:35,17
DA:39,2
FN:39,ACLManager.removeIndexManager
FNDA:2,ACLManager.removeIndexManager
DA:40,1
FNF:6
FNH:6
LF:15
LH:15
BRF:0
BRH:0
end_of_record
TN:
SF:src/contracts/IndexManager.sol
DA:32,91
FN:32,IndexManager.onlyIndexAdmin
FNDA:91,IndexManager.onlyIndexAdmin
DA:33,91
BRDA:33,0,0,-
BRDA:33,0,1,72
DA:37,9
FN:37,IndexManager.constructor
FNDA:9,IndexManager.constructor
DA:45,9
DA:46,9
DA:47,9
DA:48,9
DA:49,9
DA:50,9
DA:51,9
DA:52,9
DA:53,9
DA:54,9
DA:58,10
FN:58,IndexManager.deposit
FNDA:10,IndexManager.deposit
DA:59,10
DA:60,10
DA:62,10
DA:72,10
DA:73,47
BRDA:73,1,0,10
DA:74,10
DA:75,10
DA:77,37
DA:80,10
DA:81,10
DA:83,10
DA:87,1
FN:87,IndexManager.withdraw
FNDA:1,IndexManager.withdraw
DA:88,1
DA:89,1
DA:91,1
DA:99,1
DA:100,1
DA:101,1
DA:102,5
BRDA:102,2,0,1
DA:103,1
DA:104,1
DA:105,1
DA:107,4
DA:109,4
BRDA:109,3,0,-
BRDA:109,3,1,4
DA:110,4
DA:119,4
DA:120,4
DA:124,1
DA:126,1
DA:130,1
FN:130,IndexManager.withdrawFees
FNDA:1,IndexManager.withdrawFees
DA:131,1
BRDA:131,4,0,-
BRDA:131,4,1,1
DA:133,1
DA:135,1
DA:136,1
DA:137,5
DA:138,5
DA:139,5
DA:140,5
DA:143,1
DA:147,1
FN:147,IndexManager.rebalance
FNDA:1,IndexManager.rebalance
DA:148,1
DA:149,1
DA:151,1
DA:152,1
DA:161,1
DA:162,1
DA:166,1
DA:168,1
DA:172,72
FN:172,IndexManager.setTokenPath
FNDA:72,IndexManager.setTokenPath
DA:173,72
DA:174,72
DA:178,91
FN:178,IndexManager.approveToken
FNDA:91,IndexManager.approveToken
DA:179,91
DA:183,2
FN:183,IndexManager.revokeTokenApproval
FNDA:2,IndexManager.revokeTokenApproval
DA:184,1
DA:187,10
FN:187,IndexManager.calculateMintAmount
FNDA:10,IndexManager.calculateMintAmount
DA:188,10
BRDA:188,5,0,7
BRDA:188,5,1,3
DA:189,7
DA:191,3
DA:192,3
DA:196,3
FN:196,IndexManager.getCurrentIndexTokenPrice
FNDA:3,IndexManager.getCurrentIndexTokenPrice
DA:197,3
DA:198,3
DA:199,3
DA:200,15
DA:201,15
DA:202,15
DA:204,3
DA:207,3
FN:207,IndexManager.findDeficitTokens
FNDA:3,IndexManager.findDeficitTokens
DA:212,3
DA:214,3
DA:215,3
DA:218,3
DA:219,15
BRDA:219,6,0,9
DA:220,9
DA:224,3
DA:225,3
DA:227,3
DA:230,3
DA:231,3
DA:232,15
DA:233,15
DA:234,15
DA:235,15
DA:239,3
DA:240,15
BRDA:240,7,0,9
DA:241,9
DA:243,9
DA:244,9
DA:245,9
DA:246,9
DA:251,0
FN:251,IndexManager.findSurplusTokens
FNDA:0,IndexManager.findSurplusTokens
DA:256,0
DA:258,0
DA:259,0
DA:262,0
DA:263,0
BRDA:263,8,0,-
DA:264,0
DA:268,0
DA:269,0
DA:271,0
DA:274,0
DA:275,0
DA:276,0
DA:277,0
DA:278,0
DA:279,0
DA:283,0
DA:284,0
BRDA:284,9,0,-
DA:285,0
DA:287,0
DA:288,0
DA:289,0
DA:290,0
DA:295,3
FN:295,IndexManager.getCurrentProportions
FNDA:3,IndexManager.getCurrentProportions
DA:300,3
DA:301,3
DA:302,3
DA:303,3
DA:304,3
DA:307,3
DA:308,15
DA:309,15
DA:310,15
DA:311,15
DA:315,3
DA:316,15
DA:317,15
DA:321,37
FN:321,IndexManager.swapTokens
FNDA:37,IndexManager.swapTokens
DA:322,37
DA:323,37
BRDA:323,10,0,-
DA:324,0
DA:327,37
BRDA:327,11,0,-
BRDA:327,11,1,37
DA:328,37
DA:336,37
DA:337,37
DA:340,1
FN:340,IndexManager.calculateRequiredSwapsForSurplusTokens
FNDA:1,IndexManager.calculateRequiredSwapsForSurplusTokens
DA:341,1
DA:342,1
DA:343,1
BRDA:343,12,0,1
DA:344,1
DA:345,1
DA:346,5
DA:352,1
DA:354,0
DA:355,0
DA:357,0
DA:358,0
DA:359,0
DA:366,0
DA:368,0
BRDA:368,13,0,-
BRDA:368,13,1,-
DA:369,0
DA:371,0
DA:372,0
DA:374,0
DA:375,0
DA:377,0
DA:379,0
DA:382,0
BRDA:382,14,0,-
DA:383,0
DA:386,0
DA:391,0
DA:392,0
DA:396,0
BRDA:396,15,0,-
DA:397,0
DA:398,0
DA:399,0
DA:404,0
DA:408,0
DA:409,0
DA:410,0
DA:413,0
DA:417,0
DA:419,0
DA:420,0
BRDA:420,16,0,-
DA:421,0
DA:423,0
DA:425,0
DA:426,0
DA:428,0
BRDA:428,17,0,-
DA:430,0
DA:435,0
DA:441,0
BRDA:441,18,0,-
DA:442,0
DA:443,0
DA:444,0
DA:445,0
DA:446,0
DA:448,0
DA:455,0
DA:456,0
DA:457,0
DA:464,0
DA:466,0
DA:470,10
FN:470,IndexManager.calculateRequiredSwaps
FNDA:10,IndexManager.calculateRequiredSwaps
DA:471,10
DA:472,10
DA:474,10
BRDA:474,19,0,7
DA:475,7
DA:476,7
DA:479,7
DA:480,28
DA:481,28
DA:483,28
DA:491,7
DA:492,7
DA:493,7
DA:498,7
DA:500,3
DA:501,3
DA:504,3
DA:505,3
DA:509,3
BRDA:509,20,0,1
BRDA:509,20,1,2
DA:510,1
DA:511,1
DA:513,1
DA:514,1
DA:516,1
DA:517,2
DA:518,2
DA:520,2
BRDA:520,21,0,1
DA:521,1
DA:524,1
DA:529,1
DA:530,1
DA:534,1
BRDA:534,22,0,1
DA:535,1
DA:536,1
DA:537,1
DA:542,1
DA:545,1
DA:546,1
DA:547,2
DA:550,1
DA:553,2
DA:554,2
DA:555,2
DA:556,6
DA:557,6
DA:559,6
DA:564,6
DA:565,6
DA:569,2
BRDA:569,23,0,2
DA:570,2
DA:571,8
DA:572,8
DA:573,8
DA:574,8
DA:582,2
DA:583,2
DA:585,2
DA:591,2
FNF:17
FNH:16
LF:266
LH:192
BRF:31
BRH:17
end_of_record
TN:
SF:src/contracts/PriceOracle.sol
DA:23,29
FN:23,PriceOracle.constructor
FNDA:29,PriceOracle.constructor
DA:24,29
DA:28,5
FN:28,PriceOracle.onlyIndexAdmins
FNDA:5,PriceOracle.onlyIndexAdmins
DA:29,5
BRDA:29,0,0,1
DA:30,1
DA:36,65
FN:36,PriceOracle.getAssetPrice
FNDA:65,PriceOracle.getAssetPrice
DA:37,67
DA:39,67
BRDA:39,1,0,2
DA:40,2
DA:42,65
DA:43,65
BRDA:43,2,0,64
BRDA:43,2,1,1
DA:44,64
DA:46,1
DA:51,2
FN:51,PriceOracle.getAssetsPrices
FNDA:2,PriceOracle.getAssetsPrices
DA:52,2
DA:53,2
DA:54,2
DA:56,2
DA:60,1
FN:60,PriceOracle.getSourceOfAsset
FNDA:1,PriceOracle.getSourceOfAsset
DA:61,1
DA:65,1
FN:65,PriceOracle.getFallbackOracle
FNDA:1,PriceOracle.getFallbackOracle
DA:66,1
DA:70,18
FN:70,PriceOracle.setAssetSources
FNDA:18,PriceOracle.setAssetSources
DA:71,17
DA:75,5
FN:75,PriceOracle.setFallbackOracle
FNDA:5,PriceOracle.setFallbackOracle
DA:76,4
DA:82,17
FN:82,PriceOracle._setAssetsSources
FNDA:17,PriceOracle._setAssetsSources
DA:83,17
BRDA:83,3,0,1
DA:84,1
DA:87,16
DA:88,52
DA:89,52
DA:95,4
FN:95,PriceOracle._setFallbackOracle
FNDA:4,PriceOracle._setFallbackOracle
DA:96,4
DA:97,4
FNF:10
FNH:10
LF:35
LH:35
BRF:5
BRH:5
end_of_record
TN:
SF:src/contracts/TokenIndex.sol
DA:32,24
FN:32,TokenIndex.constructor
FNDA:24,TokenIndex.constructor
DA:33,24
DA:34,24
DA:35,24
DA:39,91
FN:39,TokenIndex.onlyIndexAdmin
FNDA:91,TokenIndex.onlyIndexAdmin
DA:40,91
BRDA:40,0,0,-
BRDA:40,0,1,2
DA:45,14
FN:45,TokenIndex.onlyIndexManager
FNDA:14,TokenIndex.onlyIndexManager
DA:46,14
BRDA:46,1,0,-
BRDA:46,1,1,2
DA:51,91
FN:51,TokenIndex.approveToken
FNDA:91,TokenIndex.approveToken
DA:52,91
DA:56,1
FN:56,TokenIndex.revokeTokenApproval
FNDA:1,TokenIndex.revokeTokenApproval
DA:57,1
DA:61,57
FN:61,TokenIndex.addToken
FNDA:57,TokenIndex.addToken
DA:62,55
BRDA:62,2,0,1
BRDA:62,2,1,54
DA:63,54
DA:67,2
FN:67,TokenIndex.removeToken
FNDA:2,TokenIndex.removeToken
DA:68,2
BRDA:68,3,0,1
BRDA:68,3,1,1
DA:69,1
DA:70,1
DA:72,1
DA:76,2
FN:76,TokenIndex.editToken
FNDA:2,TokenIndex.editToken
DA:77,2
BRDA:77,4,0,1
BRDA:77,4,1,1
DA:78,1
DA:82,16
FN:82,TokenIndex.getTokenProportions
FNDA:16,TokenIndex.getTokenProportions
DA:83,16
DA:87,2
FN:87,TokenIndex.totalTokens
FNDA:2,TokenIndex.totalTokens
DA:88,2
DA:92,3
FN:92,TokenIndex.tokens
FNDA:3,TokenIndex.tokens
DA:93,3
DA:97,14
FN:97,TokenIndex.mint
FNDA:14,TokenIndex.mint
DA:98,12
DA:102,2
FN:102,TokenIndex.burn
FNDA:2,TokenIndex.burn
DA:103,2
DA:107,15
FN:107,TokenIndex.nonces
FNDA:15,TokenIndex.nonces
DA:108,15
DA:112,3
FN:112,TokenIndex.multicall
FNDA:3,TokenIndex.multicall
DA:118,3
DA:119,3
DA:120,7
DA:121,7
BRDA:121,5,0,1
BRDA:121,5,1,6
DA:122,6
FNF:15
FNH:15
LF:41
LH:41
BRF:12
BRH:10
end_of_record
TN:
SF:src/mocks/AggregatorV3Mock.sol
DA:9,30
FN:9,AggregatorV3Mock.constructor
FNDA:30,AggregatorV3Mock.constructor
DA:10,30
DA:13,7
FN:13,AggregatorV3Mock.latestAnswer
FNDA:7,AggregatorV3Mock.latestAnswer
DA:14,7
DA:17,1
FN:17,AggregatorV3Mock.setAnswer
FNDA:1,AggregatorV3Mock.setAnswer
DA:18,1
FNF:3
FNH:3
LF:6
LH:6
BRF:0
BRH:0
end_of_record
